<?xml version="1.0" encoding="UTF-8"?>
<testsuite xmlns:xsi="http://www.w3.org/2001/XMLSchema-instance" xsi:noNamespaceSchemaLocation="https://maven.apache.org/surefire/maven-surefire-plugin/xsd/surefire-test-report-3.0.xsd" version="3.0" name="is.hi.cs.lokaverkefni_hbv202_ggs19.BalanceSheetTest" time="0.037" tests="9" errors="0" skipped="0" failures="0">
  <properties>
[...]
</properties>
  <testcase name="testConstructor" classname="is.hi.cs.lokaverkefni_hbv202_ggs19.BalanceSheetTest" time="0.006"/>
  <testcase name="testGetCompany" classname="is.hi.cs.lokaverkefni_hbv202_ggs19.BalanceSheetTest" time="0.0"/>
  <testcase name="testGetCash" classname="is.hi.cs.lokaverkefni_hbv202_ggs19.BalanceSheetTest" time="0.0"/>
  <testcase name="testSetCash" classname="is.hi.cs.lokaverkefni_hbv202_ggs19.BalanceSheetTest" time="0.0"/>
  <testcase name="testAddLoan" classname="is.hi.cs.lokaverkefni_hbv202_ggs19.BalanceSheetTest" time="0.0"/>
  <testcase name="testSetLoans" classname="is.hi.cs.lokaverkefni_hbv202_ggs19.BalanceSheetTest" time="0.0"/>
  <testcase name="testGetLoans" classname="is.hi.cs.lokaverkefni_hbv202_ggs19.BalanceSheetTest" time="0.0"/>
  <testcase name="testGetInventory" classname="is.hi.cs.lokaverkefni_hbv202_ggs19.BalanceSheetTest" time="0.0"/>
  <testcase name="testAddCash" classname="is.hi.cs.lokaverkefni_hbv202_ggs19.BalanceSheetTest" time="0.0"/>
</testsuite>